{"/Users/chen/Documents/study/project/jest/src/index.ts": {"path":"/Users/chen/Documents/study/project/jest/src/index.ts","statementMap":{"0":{"start":{"line":1,"column":12},"end":{"line":1,"column":47}},"1":{"start":{"line":1,"column":46},"end":{"line":1,"column":null}},"2":{"start":{"line":4,"column":2},"end":{"line":4,"column":5}}},"fnMap":{"0":{"name":"(anonymous_0)","decl":{"start":{"line":1,"column":12},"end":{"line":1,"column":13}},"loc":{"start":{"line":1,"column":33},"end":{"line":1,"column":47}}}},"branchMap":{},"s":{"0":1,"1":1,"2":1},"f":{"0":1},"b":{}}
}
